[32m2026-04-02 14:18:34 +0700[0m - dagster - [34mDEBUG[0m - __ASSET_JOB - 83c20b60-ff5e-4ae7-b9a8-ae6a6d592673 - 32758 - LOGS_CAPTURED - Started capturing logs in process (pid: 32758).
[32m2026-04-02 14:18:34 +0700[0m - dagster - [34mDEBUG[0m - __ASSET_JOB - 83c20b60-ff5e-4ae7-b9a8-ae6a6d592673 - 32758 - dbt_models - STEP_START - Started execution of step "dbt_models".
[32m2026-04-02 14:18:34 +0700[0m - dagster - [34mINFO[0m - __ASSET_JOB - 83c20b60-ff5e-4ae7-b9a8-ae6a6d592673 - dbt_models - A dbt subsetted execution is not being performed. Using the default dbt selection arguments `['--select', 'fqn:*']`.
[32m2026-04-02 14:18:39 +0700[0m - dagster - [34mINFO[0m - __ASSET_JOB - 83c20b60-ff5e-4ae7-b9a8-ae6a6d592673 - dbt_models - Copying `/home/datdp/DE_Prj/Dagster-dlt-dbt-pipeline/data_transformation/target/partial_parse.msgpack` to `/home/datdp/DE_Prj/Dagster-dlt-dbt-pipeline/data_transformation/target/dbt_models-83c20b6-9b80000/partial_parse.msgpack` to take advantage of partial parsing.
[32m2026-04-02 14:18:39 +0700[0m - dagster - [34mINFO[0m - __ASSET_JOB - 83c20b60-ff5e-4ae7-b9a8-ae6a6d592673 - dbt_models - Running dbt command: `dbt build --select fqn:*`.
[32m2026-04-02 14:18:43 +0700[0m - dagster - [34mDEBUG[0m - __ASSET_JOB - 83c20b60-ff5e-4ae7-b9a8-ae6a6d592673 - 32758 - dbt_models - STEP_OUTPUT - Yielded output "silver__cleaned_data" of type "Nothing". (Type check passed).
[32m2026-04-02 14:18:43 +0700[0m - dagster - [34mDEBUG[0m - __ASSET_JOB - 83c20b60-ff5e-4ae7-b9a8-ae6a6d592673 - 32758 - dbt_models - ASSET_MATERIALIZATION - Materialized value silver cleaned_data.
[32m2026-04-02 14:18:43 +0700[0m - dagster - [34mDEBUG[0m - __ASSET_JOB - 83c20b60-ff5e-4ae7-b9a8-ae6a6d592673 - 32758 - dbt_models - STEP_OUTPUT - Yielded output "gold__dim_airing" of type "Nothing". (Type check passed).
[32m2026-04-02 14:18:43 +0700[0m - dagster - [34mDEBUG[0m - __ASSET_JOB - 83c20b60-ff5e-4ae7-b9a8-ae6a6d592673 - 32758 - dbt_models - ASSET_MATERIALIZATION - Materialized value gold dim_airing.
[32m2026-04-02 14:18:43 +0700[0m - dagster - [34mDEBUG[0m - __ASSET_JOB - 83c20b60-ff5e-4ae7-b9a8-ae6a6d592673 - 32758 - dbt_models - STEP_OUTPUT - Yielded output "gold__dim_studios" of type "Nothing". (Type check passed).
[32m2026-04-02 14:18:43 +0700[0m - dagster - [34mDEBUG[0m - __ASSET_JOB - 83c20b60-ff5e-4ae7-b9a8-ae6a6d592673 - 32758 - dbt_models - ASSET_MATERIALIZATION - Materialized value gold dim_studios.
[32m2026-04-02 14:18:43 +0700[0m - dagster - [34mDEBUG[0m - __ASSET_JOB - 83c20b60-ff5e-4ae7-b9a8-ae6a6d592673 - 32758 - dbt_models - STEP_OUTPUT - Yielded output "gold__dim_season" of type "Nothing". (Type check passed).
[32m2026-04-02 14:18:43 +0700[0m - dagster - [34mDEBUG[0m - __ASSET_JOB - 83c20b60-ff5e-4ae7-b9a8-ae6a6d592673 - 32758 - dbt_models - ASSET_MATERIALIZATION - Materialized value gold dim_season.
[32m2026-04-02 14:18:43 +0700[0m - dagster - [34mDEBUG[0m - __ASSET_JOB - 83c20b60-ff5e-4ae7-b9a8-ae6a6d592673 - 32758 - dbt_models - STEP_OUTPUT - Yielded output "gold__dim_info" of type "Nothing". (Type check passed).
[32m2026-04-02 14:18:44 +0700[0m - dagster - [34mDEBUG[0m - __ASSET_JOB - 83c20b60-ff5e-4ae7-b9a8-ae6a6d592673 - 32758 - dbt_models - ASSET_MATERIALIZATION - Materialized value gold dim_info.
[32m2026-04-02 14:18:44 +0700[0m - dagster - [34mDEBUG[0m - __ASSET_JOB - 83c20b60-ff5e-4ae7-b9a8-ae6a6d592673 - 32758 - dbt_models - STEP_OUTPUT - Yielded output "gold__dim_airing_not_null_dim_airing_anime_id" of type "Any". (Type check passed).
[32m2026-04-02 14:18:44 +0700[0m - dagster - [34mDEBUG[0m - __ASSET_JOB - 83c20b60-ff5e-4ae7-b9a8-ae6a6d592673 - 32758 - dbt_models - ASSET_CHECK_EVALUATION - Asset check 'not_null_dim_airing_anime_id' on 'gold/dim_airing' passed.
[32m2026-04-02 14:18:44 +0700[0m - dagster - [34mDEBUG[0m - __ASSET_JOB - 83c20b60-ff5e-4ae7-b9a8-ae6a6d592673 - 32758 - dbt_models - STEP_OUTPUT - Yielded output "gold__dim_airing_dbt_utils_expression_is_true_dim_airing_aired_to__is_null_or_aired_to_aired_from" of type "Any". (Type check passed).
[32m2026-04-02 14:18:44 +0700[0m - dagster - [34mDEBUG[0m - __ASSET_JOB - 83c20b60-ff5e-4ae7-b9a8-ae6a6d592673 - 32758 - dbt_models - ASSET_CHECK_EVALUATION - Asset check 'dbt_utils_expression_is_true_dim_airing_aired_to__is_null_or_aired_to_aired_from' on 'gold/dim_airing' passed.
[32m2026-04-02 14:18:44 +0700[0m - dagster - [34mDEBUG[0m - __ASSET_JOB - 83c20b60-ff5e-4ae7-b9a8-ae6a6d592673 - 32758 - dbt_models - STEP_OUTPUT - Yielded output "gold__dim_airing_not_null_dim_airing_aired_from" of type "Any". (Type check passed).
[32m2026-04-02 14:18:44 +0700[0m - dagster - [34mDEBUG[0m - __ASSET_JOB - 83c20b60-ff5e-4ae7-b9a8-ae6a6d592673 - 32758 - dbt_models - ASSET_CHECK_EVALUATION - Asset check 'not_null_dim_airing_aired_from' on 'gold/dim_airing' passed.
[32m2026-04-02 14:18:44 +0700[0m - dagster - [34mDEBUG[0m - __ASSET_JOB - 83c20b60-ff5e-4ae7-b9a8-ae6a6d592673 - 32758 - dbt_models - STEP_OUTPUT - Yielded output "gold__fact_anime" of type "Nothing". (Type check passed).
[32m2026-04-02 14:18:44 +0700[0m - dagster - [34mDEBUG[0m - __ASSET_JOB - 83c20b60-ff5e-4ae7-b9a8-ae6a6d592673 - 32758 - dbt_models - ASSET_MATERIALIZATION - Materialized value gold fact_anime.
[32m2026-04-02 14:18:44 +0700[0m - dagster - [34mDEBUG[0m - __ASSET_JOB - 83c20b60-ff5e-4ae7-b9a8-ae6a6d592673 - 32758 - dbt_models - STEP_OUTPUT - Yielded output "gold__dim_airing_unique_dim_airing_anime_id" of type "Any". (Type check passed).
[32m2026-04-02 14:18:44 +0700[0m - dagster - [34mDEBUG[0m - __ASSET_JOB - 83c20b60-ff5e-4ae7-b9a8-ae6a6d592673 - 32758 - dbt_models - ASSET_CHECK_EVALUATION - Asset check 'unique_dim_airing_anime_id' on 'gold/dim_airing' passed.
[32m2026-04-02 14:18:44 +0700[0m - dagster - [34mDEBUG[0m - __ASSET_JOB - 83c20b60-ff5e-4ae7-b9a8-ae6a6d592673 - 32758 - dbt_models - STEP_OUTPUT - Yielded output "gold__dim_studios_not_null_dim_studios_anime_id" of type "Any". (Type check passed).
[32m2026-04-02 14:18:44 +0700[0m - dagster - [34mDEBUG[0m - __ASSET_JOB - 83c20b60-ff5e-4ae7-b9a8-ae6a6d592673 - 32758 - dbt_models - ASSET_CHECK_EVALUATION - Asset check 'not_null_dim_studios_anime_id' on 'gold/dim_studios' passed.
[32m2026-04-02 14:18:44 +0700[0m - dagster - [34mDEBUG[0m - __ASSET_JOB - 83c20b60-ff5e-4ae7-b9a8-ae6a6d592673 - 32758 - dbt_models - STEP_OUTPUT - Yielded output "gold__dim_studios_unique_dim_studios_anime_id" of type "Any". (Type check passed).
[32m2026-04-02 14:18:44 +0700[0m - dagster - [34mDEBUG[0m - __ASSET_JOB - 83c20b60-ff5e-4ae7-b9a8-ae6a6d592673 - 32758 - dbt_models - ASSET_CHECK_EVALUATION - Asset check 'unique_dim_studios_anime_id' on 'gold/dim_studios' passed.
[32m2026-04-02 14:18:44 +0700[0m - dagster - [34mDEBUG[0m - __ASSET_JOB - 83c20b60-ff5e-4ae7-b9a8-ae6a6d592673 - 32758 - dbt_models - STEP_OUTPUT - Yielded output "gold__dim_season_accepted_values_dim_season_season__winter__spring__summer__fall" of type "Any". (Type check passed).
[32m2026-04-02 14:18:44 +0700[0m - dagster - [34mDEBUG[0m - __ASSET_JOB - 83c20b60-ff5e-4ae7-b9a8-ae6a6d592673 - 32758 - dbt_models - ASSET_CHECK_EVALUATION - Asset check 'accepted_values_dim_season_season__winter__spring__summer__fall' on 'gold/dim_season' passed.
[32m2026-04-02 14:18:44 +0700[0m - dagster - [34mDEBUG[0m - __ASSET_JOB - 83c20b60-ff5e-4ae7-b9a8-ae6a6d592673 - 32758 - dbt_models - STEP_OUTPUT - Yielded output "gold__dim_season_dbt_utils_accepted_range_dim_season_year__2100__1900" of type "Any". (Type check passed).
[32m2026-04-02 14:18:44 +0700[0m - dagster - [34mDEBUG[0m - __ASSET_JOB - 83c20b60-ff5e-4ae7-b9a8-ae6a6d592673 - 32758 - dbt_models - ASSET_CHECK_EVALUATION - Asset check 'dbt_utils_accepted_range_dim_season_year__2100__1900' on 'gold/dim_season' passed.
[32m2026-04-02 14:18:44 +0700[0m - dagster - [34mDEBUG[0m - __ASSET_JOB - 83c20b60-ff5e-4ae7-b9a8-ae6a6d592673 - 32758 - dbt_models - STEP_OUTPUT - Yielded output "gold__dim_season_not_null_dim_season_anime_id" of type "Any". (Type check passed).
[32m2026-04-02 14:18:44 +0700[0m - dagster - [34mDEBUG[0m - __ASSET_JOB - 83c20b60-ff5e-4ae7-b9a8-ae6a6d592673 - 32758 - dbt_models - ASSET_CHECK_EVALUATION - Asset check 'not_null_dim_season_anime_id' on 'gold/dim_season' passed.
[32m2026-04-02 14:18:44 +0700[0m - dagster - [34mDEBUG[0m - __ASSET_JOB - 83c20b60-ff5e-4ae7-b9a8-ae6a6d592673 - 32758 - dbt_models - STEP_OUTPUT - Yielded output "gold__dim_season_unique_dim_season_anime_id" of type "Any". (Type check passed).
[32m2026-04-02 14:18:44 +0700[0m - dagster - [34mDEBUG[0m - __ASSET_JOB - 83c20b60-ff5e-4ae7-b9a8-ae6a6d592673 - 32758 - dbt_models - ASSET_CHECK_EVALUATION - Asset check 'unique_dim_season_anime_id' on 'gold/dim_season' passed.
[32m2026-04-02 14:18:44 +0700[0m - dagster - [34mDEBUG[0m - __ASSET_JOB - 83c20b60-ff5e-4ae7-b9a8-ae6a6d592673 - 32758 - dbt_models - STEP_OUTPUT - Yielded output "gold__dim_info_not_null_dim_info_anime_id" of type "Any". (Type check passed).
[32m2026-04-02 14:18:44 +0700[0m - dagster - [34mDEBUG[0m - __ASSET_JOB - 83c20b60-ff5e-4ae7-b9a8-ae6a6d592673 - 32758 - dbt_models - ASSET_CHECK_EVALUATION - Asset check 'not_null_dim_info_anime_id' on 'gold/dim_info' passed.
[32m2026-04-02 14:18:44 +0700[0m - dagster - [34mDEBUG[0m - __ASSET_JOB - 83c20b60-ff5e-4ae7-b9a8-ae6a6d592673 - 32758 - dbt_models - STEP_OUTPUT - Yielded output "gold__dim_info_not_null_dim_info_status" of type "Any". (Type check passed).
[32m2026-04-02 14:18:44 +0700[0m - dagster - [34mDEBUG[0m - __ASSET_JOB - 83c20b60-ff5e-4ae7-b9a8-ae6a6d592673 - 32758 - dbt_models - ASSET_CHECK_EVALUATION - Asset check 'not_null_dim_info_status' on 'gold/dim_info' passed.
[32m2026-04-02 14:18:44 +0700[0m - dagster - [34mDEBUG[0m - __ASSET_JOB - 83c20b60-ff5e-4ae7-b9a8-ae6a6d592673 - 32758 - dbt_models - STEP_OUTPUT - Yielded output "gold__dim_info_not_null_dim_info_title" of type "Any". (Type check passed).
[32m2026-04-02 14:18:44 +0700[0m - dagster - [34mDEBUG[0m - __ASSET_JOB - 83c20b60-ff5e-4ae7-b9a8-ae6a6d592673 - 32758 - dbt_models - ASSET_CHECK_EVALUATION - Asset check 'not_null_dim_info_title' on 'gold/dim_info' passed.
[32m2026-04-02 14:18:44 +0700[0m - dagster - [34mDEBUG[0m - __ASSET_JOB - 83c20b60-ff5e-4ae7-b9a8-ae6a6d592673 - 32758 - dbt_models - STEP_OUTPUT - Yielded output "gold__dim_info_not_null_dim_info_type" of type "Any". (Type check passed).
[32m2026-04-02 14:18:44 +0700[0m - dagster - [34mDEBUG[0m - __ASSET_JOB - 83c20b60-ff5e-4ae7-b9a8-ae6a6d592673 - 32758 - dbt_models - ASSET_CHECK_EVALUATION - Asset check 'not_null_dim_info_type' on 'gold/dim_info' did not pass.
[32m2026-04-02 14:18:44 +0700[0m - dagster - [34mDEBUG[0m - __ASSET_JOB - 83c20b60-ff5e-4ae7-b9a8-ae6a6d592673 - 32758 - dbt_models - STEP_OUTPUT - Yielded output "gold__dim_info_unique_dim_info_anime_id" of type "Any". (Type check passed).
[32m2026-04-02 14:18:45 +0700[0m - dagster - [34mDEBUG[0m - __ASSET_JOB - 83c20b60-ff5e-4ae7-b9a8-ae6a6d592673 - 32758 - dbt_models - ASSET_CHECK_EVALUATION - Asset check 'unique_dim_info_anime_id' on 'gold/dim_info' passed.
[32m2026-04-02 14:18:45 +0700[0m - dagster - [34mDEBUG[0m - __ASSET_JOB - 83c20b60-ff5e-4ae7-b9a8-ae6a6d592673 - 32758 - dbt_models - STEP_OUTPUT - Yielded output "gold__fact_anime_dbt_utils_accepted_range_fact_anime_episodes__2000__0" of type "Any". (Type check passed).
[32m2026-04-02 14:18:45 +0700[0m - dagster - [34mDEBUG[0m - __ASSET_JOB - 83c20b60-ff5e-4ae7-b9a8-ae6a6d592673 - 32758 - dbt_models - ASSET_CHECK_EVALUATION - Asset check 'dbt_utils_accepted_range_fact_anime_episodes__2000__0' on 'gold/fact_anime' passed.
[32m2026-04-02 14:18:45 +0700[0m - dagster - [34mDEBUG[0m - __ASSET_JOB - 83c20b60-ff5e-4ae7-b9a8-ae6a6d592673 - 32758 - dbt_models - STEP_OUTPUT - Yielded output "gold__fact_anime_dbt_utils_accepted_range_fact_anime_favorites__0" of type "Any". (Type check passed).
[32m2026-04-02 14:18:45 +0700[0m - dagster - [34mDEBUG[0m - __ASSET_JOB - 83c20b60-ff5e-4ae7-b9a8-ae6a6d592673 - 32758 - dbt_models - ASSET_CHECK_EVALUATION - Asset check 'dbt_utils_accepted_range_fact_anime_favorites__0' on 'gold/fact_anime' passed.
[32m2026-04-02 14:18:45 +0700[0m - dagster - [34mDEBUG[0m - __ASSET_JOB - 83c20b60-ff5e-4ae7-b9a8-ae6a6d592673 - 32758 - dbt_models - STEP_OUTPUT - Yielded output "gold__fact_anime_dbt_utils_accepted_range_fact_anime_members__0" of type "Any". (Type check passed).
[32m2026-04-02 14:18:45 +0700[0m - dagster - [34mDEBUG[0m - __ASSET_JOB - 83c20b60-ff5e-4ae7-b9a8-ae6a6d592673 - 32758 - dbt_models - ASSET_CHECK_EVALUATION - Asset check 'dbt_utils_accepted_range_fact_anime_members__0' on 'gold/fact_anime' passed.
[32m2026-04-02 14:18:45 +0700[0m - dagster - [34mDEBUG[0m - __ASSET_JOB - 83c20b60-ff5e-4ae7-b9a8-ae6a6d592673 - 32758 - dbt_models - STEP_OUTPUT - Yielded output "gold__fact_anime_dbt_utils_accepted_range_fact_anime_popularity__0" of type "Any". (Type check passed).
[32m2026-04-02 14:18:45 +0700[0m - dagster - [34mDEBUG[0m - __ASSET_JOB - 83c20b60-ff5e-4ae7-b9a8-ae6a6d592673 - 32758 - dbt_models - ASSET_CHECK_EVALUATION - Asset check 'dbt_utils_accepted_range_fact_anime_popularity__0' on 'gold/fact_anime' passed.
[32m2026-04-02 14:18:45 +0700[0m - dagster - [34mDEBUG[0m - __ASSET_JOB - 83c20b60-ff5e-4ae7-b9a8-ae6a6d592673 - 32758 - dbt_models - STEP_OUTPUT - Yielded output "gold__fact_anime_dbt_utils_accepted_range_fact_anime_ranking__0" of type "Any". (Type check passed).
[32m2026-04-02 14:18:45 +0700[0m - dagster - [34mDEBUG[0m - __ASSET_JOB - 83c20b60-ff5e-4ae7-b9a8-ae6a6d592673 - 32758 - dbt_models - ASSET_CHECK_EVALUATION - Asset check 'dbt_utils_accepted_range_fact_anime_ranking__0' on 'gold/fact_anime' passed.
[32m2026-04-02 14:18:45 +0700[0m - dagster - [34mDEBUG[0m - __ASSET_JOB - 83c20b60-ff5e-4ae7-b9a8-ae6a6d592673 - 32758 - dbt_models - STEP_OUTPUT - Yielded output "gold__fact_anime_dbt_utils_accepted_range_fact_anime_scored_by__0" of type "Any". (Type check passed).
[32m2026-04-02 14:18:45 +0700[0m - dagster - [34mDEBUG[0m - __ASSET_JOB - 83c20b60-ff5e-4ae7-b9a8-ae6a6d592673 - 32758 - dbt_models - ASSET_CHECK_EVALUATION - Asset check 'dbt_utils_accepted_range_fact_anime_scored_by__0' on 'gold/fact_anime' passed.
[32m2026-04-02 14:18:45 +0700[0m - dagster - [34mDEBUG[0m - __ASSET_JOB - 83c20b60-ff5e-4ae7-b9a8-ae6a6d592673 - 32758 - dbt_models - STEP_OUTPUT - Yielded output "gold__fact_anime_dbt_utils_accepted_range_fact_anime_score__10__0" of type "Any". (Type check passed).
[32m2026-04-02 14:18:45 +0700[0m - dagster - [34mDEBUG[0m - __ASSET_JOB - 83c20b60-ff5e-4ae7-b9a8-ae6a6d592673 - 32758 - dbt_models - ASSET_CHECK_EVALUATION - Asset check 'dbt_utils_accepted_range_fact_anime_score__10__0' on 'gold/fact_anime' passed.
[32m2026-04-02 14:18:45 +0700[0m - dagster - [34mDEBUG[0m - __ASSET_JOB - 83c20b60-ff5e-4ae7-b9a8-ae6a6d592673 - 32758 - dbt_models - STEP_OUTPUT - Yielded output "gold__fact_anime_not_null_fact_anime_anime_id" of type "Any". (Type check passed).
[32m2026-04-02 14:18:45 +0700[0m - dagster - [34mDEBUG[0m - __ASSET_JOB - 83c20b60-ff5e-4ae7-b9a8-ae6a6d592673 - 32758 - dbt_models - ASSET_CHECK_EVALUATION - Asset check 'not_null_fact_anime_anime_id' on 'gold/fact_anime' passed.
[32m2026-04-02 14:18:45 +0700[0m - dagster - [34mDEBUG[0m - __ASSET_JOB - 83c20b60-ff5e-4ae7-b9a8-ae6a6d592673 - 32758 - dbt_models - STEP_OUTPUT - Yielded output "gold__fact_anime_unique_fact_anime_anime_id" of type "Any". (Type check passed).
[32m2026-04-02 14:18:45 +0700[0m - dagster - [34mDEBUG[0m - __ASSET_JOB - 83c20b60-ff5e-4ae7-b9a8-ae6a6d592673 - 32758 - dbt_models - ASSET_CHECK_EVALUATION - Asset check 'unique_fact_anime_anime_id' on 'gold/fact_anime' passed.
[32m2026-04-02 14:18:45 +0700[0m - dagster - [34mDEBUG[0m - __ASSET_JOB - 83c20b60-ff5e-4ae7-b9a8-ae6a6d592673 - 32758 - dbt_models - STEP_OUTPUT - Yielded output "mart__studio_performance" of type "Nothing". (Type check passed).
[32m2026-04-02 14:18:45 +0700[0m - dagster - [34mDEBUG[0m - __ASSET_JOB - 83c20b60-ff5e-4ae7-b9a8-ae6a6d592673 - 32758 - dbt_models - ASSET_MATERIALIZATION - Materialized value mart studio_performance.
[32m2026-04-02 14:18:45 +0700[0m - dagster - [34mDEBUG[0m - __ASSET_JOB - 83c20b60-ff5e-4ae7-b9a8-ae6a6d592673 - 32758 - dbt_models - STEP_OUTPUT - Yielded output "mart__top_10_anime_of_all_time" of type "Nothing". (Type check passed).
[32m2026-04-02 14:18:45 +0700[0m - dagster - [34mDEBUG[0m - __ASSET_JOB - 83c20b60-ff5e-4ae7-b9a8-ae6a6d592673 - 32758 - dbt_models - ASSET_MATERIALIZATION - Materialized value mart top_10_anime_of_all_time.
[32m2026-04-02 14:18:45 +0700[0m - dagster - [34mDEBUG[0m - __ASSET_JOB - 83c20b60-ff5e-4ae7-b9a8-ae6a6d592673 - 32758 - dbt_models - STEP_OUTPUT - Yielded output "mart__anime_season_performance" of type "Nothing". (Type check passed).
[32m2026-04-02 14:18:45 +0700[0m - dagster - [34mDEBUG[0m - __ASSET_JOB - 83c20b60-ff5e-4ae7-b9a8-ae6a6d592673 - 32758 - dbt_models - ASSET_MATERIALIZATION - Materialized value mart anime_season_performance.
[32m2026-04-02 14:18:45 +0700[0m - dagster - [34mINFO[0m - __ASSET_JOB - 83c20b60-ff5e-4ae7-b9a8-ae6a6d592673 - dbt_models - Finished dbt command: `dbt build --select fqn:*`.
[32m2026-04-02 14:18:45 +0700[0m - dagster - [34mDEBUG[0m - __ASSET_JOB - 83c20b60-ff5e-4ae7-b9a8-ae6a6d592673 - 32758 - dbt_models - STEP_SUCCESS - Finished execution of step "dbt_models" in 11.6s.
