
=== Fetching winter 2005 ===
[winter 2005] Total pages: 7
[winter 2005] Processing page 1/7
[winter 2005] Processing page 2/7
[winter 2005] Processing page 3/7
[winter 2005] Processing page 4/7
[winter 2005] Processing page 5/7
[winter 2005] Processing page 6/7
[winter 2005] Processing page 7/7
 DONE winter 2005: 166 records

=== Fetching spring 2005 ===
[spring 2005] Total pages: 4
[spring 2005] Processing page 1/4
[spring 2005] Processing page 2/4
[spring 2005] Processing page 3/4
[spring 2005] Processing page 4/4
 DONE spring 2005: 96 records

=== Fetching summer 2005 ===
[summer 2005] Total pages: 4
[summer 2005] Processing page 1/4
[summer 2005] Processing page 2/4
[summer 2005] Processing page 3/4
[summer 2005] Processing page 4/4
 DONE summer 2005: 98 records

=== Fetching fall 2005 ===
[fall 2005] Total pages: 5
[fall 2005] Processing page 1/5
[fall 2005] Processing page 2/5
[fall 2005] Processing page 3/5
[fall 2005] Processing page 4/5
[fall 2005] Processing page 5/5
 DONE fall 2005: 115 records

=== Fetching winter 2006 ===
[winter 2006] Total pages: 7
[winter 2006] Processing page 1/7
[winter 2006] Processing page 2/7
[winter 2006] Processing page 3/7
[winter 2006] Processing page 4/7
[winter 2006] Processing page 5/7
[winter 2006] Processing page 6/7
[winter 2006] Processing page 7/7
 DONE winter 2006: 164 records

=== Fetching spring 2006 ===
[spring 2006] Total pages: 6
[spring 2006] Processing page 1/6
[spring 2006] Processing page 2/6
[spring 2006] Processing page 3/6
[spring 2006] Processing page 4/6
[spring 2006] Processing page 5/6
[spring 2006] Processing page 6/6
 DONE spring 2006: 130 records

=== Fetching summer 2006 ===
[summer 2006] Total pages: 5
[summer 2006] Processing page 1/5
[summer 2006] Processing page 2/5
[summer 2006] Processing page 3/5
[summer 2006] Processing page 4/5
[summer 2006] Processing page 5/5
 DONE summer 2006: 124 records

=== Fetching fall 2006 ===
[fall 2006] Total pages: 6
[fall 2006] Processing page 1/6
[fall 2006] Processing page 2/6
[fall 2006] Processing page 3/6
[fall 2006] Processing page 4/6
[fall 2006] Processing page 5/6
[fall 2006] Processing page 6/6
 DONE fall 2006: 126 records

=== Fetching winter 2007 ===
[winter 2007] Total pages: 7
[winter 2007] Processing page 1/7
[winter 2007] Processing page 2/7
[winter 2007] Processing page 3/7
[winter 2007] Processing page 4/7
[winter 2007] Processing page 5/7
[winter 2007] Processing page 6/7
[winter 2007] Processing page 7/7
 DONE winter 2007: 167 records

=== Fetching spring 2007 ===
[spring 2007] Total pages: 6
[spring 2007] Processing page 1/6
[spring 2007] Processing page 2/6
[spring 2007] Processing page 3/6
[spring 2007] Processing page 4/6
[spring 2007] Processing page 5/6
[spring 2007] Processing page 6/6
 DONE spring 2007: 147 records

=== Fetching summer 2007 ===
[summer 2007] Total pages: 5
[summer 2007] Processing page 1/5
[summer 2007] Processing page 2/5
[summer 2007] Processing page 3/5
[summer 2007] Processing page 4/5
[summer 2007] Processing page 5/5
 DONE summer 2007: 110 records

=== Fetching fall 2007 ===
[fall 2007] Total pages: 6
[fall 2007] Processing page 1/6
[fall 2007] Processing page 2/6
[fall 2007] Processing page 3/6
[fall 2007] Processing page 4/6
[fall 2007] Processing page 5/6
[fall 2007] Processing page 6/6
 DONE fall 2007: 129 records

=== Fetching winter 2008 ===
[winter 2008] Total pages: 8
[winter 2008] Processing page 1/8
[winter 2008] Processing page 2/8
[winter 2008] Processing page 3/8
[winter 2008] Processing page 4/8
[winter 2008] Processing page 5/8
[winter 2008] Processing page 6/8
[winter 2008] Processing page 7/8
[winter 2008] Processing page 8/8
 DONE winter 2008: 195 records

=== Fetching spring 2008 ===
[spring 2008] Total pages: 6
[spring 2008] Processing page 1/6
[spring 2008] Processing page 2/6
[spring 2008] Processing page 3/6
[spring 2008] Processing page 4/6
[spring 2008] Processing page 5/6
[spring 2008] Processing page 6/6
 DONE spring 2008: 127 records

=== Fetching summer 2008 ===
[summer 2008] Total pages: 5
[summer 2008] Processing page 1/5
[summer 2008] Processing page 2/5
[summer 2008] Processing page 3/5
[summer 2008] Processing page 4/5
[summer 2008] Processing page 5/5
 DONE summer 2008: 118 records

=== Fetching fall 2008 ===
[fall 2008] Total pages: 6
[fall 2008] Processing page 1/6
[fall 2008] Processing page 2/6
[fall 2008] Processing page 3/6
[fall 2008] Processing page 4/6
[fall 2008] Processing page 5/6
[fall 2008] Processing page 6/6
 DONE fall 2008: 132 records

=== Fetching winter 2009 ===
[winter 2009] Total pages: 8
[winter 2009] Processing page 1/8
[winter 2009] Processing page 2/8
[winter 2009] Processing page 3/8
[winter 2009] Processing page 4/8
[winter 2009] Processing page 5/8
[winter 2009] Processing page 6/8
[winter 2009] Processing page 7/8
[winter 2009] Processing page 8/8
 DONE winter 2009: 184 records

=== Fetching spring 2009 ===
[spring 2009] Total pages: 7
[spring 2009] Processing page 1/7
[spring 2009] Processing page 2/7
[spring 2009] Processing page 3/7
[spring 2009] Processing page 4/7
[spring 2009] Processing page 5/7
[spring 2009] Processing page 6/7
[spring 2009] Processing page 7/7
 DONE spring 2009: 157 records

=== Fetching summer 2009 ===
[summer 2009] Total pages: 7
[summer 2009] Processing page 1/7
[summer 2009] Processing page 2/7
[summer 2009] Processing page 3/7
[summer 2009] Processing page 4/7
[summer 2009] Processing page 5/7
[summer 2009] Processing page 6/7
[summer 2009] Processing page 7/7
 DONE summer 2009: 157 records

=== Fetching fall 2009 ===
[fall 2009] Total pages: 7
[fall 2009] Processing page 1/7
[fall 2009] Processing page 2/7
[fall 2009] Processing page 3/7
[fall 2009] Processing page 4/7
[fall 2009] Processing page 5/7
[fall 2009] Processing page 6/7
[fall 2009] Processing page 7/7
 DONE fall 2009: 171 records

=== Fetching winter 2010 ===
[winter 2010] Total pages: 9
[winter 2010] Processing page 1/9
[winter 2010] Processing page 2/9
[winter 2010] Processing page 3/9
[winter 2010] Processing page 4/9
[winter 2010] Processing page 5/9
[winter 2010] Processing page 6/9
[winter 2010] Processing page 7/9
[winter 2010] Processing page 8/9
[winter 2010] Processing page 9/9
 DONE winter 2010: 210 records

=== Fetching spring 2010 ===
[spring 2010] Total pages: 7
[spring 2010] Processing page 1/7
[spring 2010] Processing page 2/7
[spring 2010] Processing page 3/7
[spring 2010] Processing page 4/7
[spring 2010] Processing page 5/7
[spring 2010] Processing page 6/7
[spring 2010] Processing page 7/7
 DONE spring 2010: 169 records

=== Fetching summer 2010 ===
[summer 2010] Total pages: 7
[summer 2010] Processing page 1/7
[summer 2010] Processing page 2/7
[summer 2010] Processing page 3/7
[summer 2010] Processing page 4/7
[summer 2010] Processing page 5/7
[summer 2010] Processing page 6/7
[summer 2010] Processing page 7/7
 DONE summer 2010: 162 records

=== Fetching fall 2010 ===
[fall 2010] Total pages: 7
[fall 2010] Processing page 1/7
[fall 2010] Processing page 2/7
[fall 2010] Processing page 3/7
[fall 2010] Processing page 4/7
[fall 2010] Processing page 5/7
[fall 2010] Processing page 6/7
[fall 2010] Processing page 7/7
 DONE fall 2010: 96 records

=== Fetching winter 2011 ===
[winter 2011] Total pages: 1
[winter 2011] Processing page 1/1
 DONE winter 2011: 25 records

=== Fetching spring 2011 ===
[spring 2011] Total pages: 8
[spring 2011] Processing page 1/8
[spring 2011] Processing page 2/8
[spring 2011] Processing page 3/8
[spring 2011] Processing page 4/8
[spring 2011] Processing page 5/8
[spring 2011] Processing page 6/8
[spring 2011] Processing page 7/8
[spring 2011] Processing page 8/8
 DONE spring 2011: 150 records

=== Fetching summer 2011 ===
[summer 2011] Total pages: 8
[summer 2011] Processing page 1/8
[summer 2011] Processing page 2/8
[summer 2011] Processing page 3/8
[summer 2011] Processing page 4/8
[summer 2011] Processing page 5/8
[summer 2011] Processing page 6/8
[summer 2011] Processing page 7/8
[summer 2011] Processing page 8/8
 DONE summer 2011: 75 records

=== Fetching fall 2011 ===
[fall 2011] Total pages: 9
[fall 2011] Processing page 1/9
[fall 2011] Processing page 2/9
[fall 2011] Processing page 3/9
[fall 2011] Processing page 4/9
[fall 2011] Processing page 5/9
[fall 2011] Processing page 6/9
[fall 2011] Processing page 7/9
[fall 2011] Processing page 8/9
[fall 2011] Processing page 9/9
 DONE fall 2011: 150 records

=== Fetching winter 2012 ===
[winter 2012] Total pages: 11
[winter 2012] Processing page 1/11
[winter 2012] Processing page 2/11
[winter 2012] Processing page 3/11
[winter 2012] Processing page 4/11
[winter 2012] Processing page 5/11
[winter 2012] Processing page 6/11
[winter 2012] Processing page 7/11
[winter 2012] Processing page 8/11
[winter 2012] Processing page 9/11
[winter 2012] Processing page 10/11
[winter 2012] Processing page 11/11
 DONE winter 2012: 150 records

=== Fetching spring 2012 ===
[spring 2012] Total pages: 1
[spring 2012] Processing page 1/1
 DONE spring 2012: 25 records

=== Fetching summer 2012 ===
[summer 2012] Total pages: 9
[summer 2012] Processing page 1/9
[summer 2012] Processing page 2/9
[summer 2012] Processing page 3/9
[summer 2012] Processing page 4/9
[summer 2012] Processing page 5/9
[summer 2012] Processing page 6/9
[summer 2012] Processing page 7/9
[summer 2012] Processing page 8/9
[summer 2012] Processing page 9/9
 DONE summer 2012: 56 records

=== Fetching fall 2012 ===
[fall 2012] Total pages: 1
[fall 2012] Processing page 1/1
 DONE fall 2012: 25 records

=== Fetching winter 2013 ===
[winter 2013] Total pages: 10
[winter 2013] Processing page 1/10
[winter 2013] Processing page 2/10
[winter 2013] Processing page 3/10
[winter 2013] Processing page 4/10
[winter 2013] Processing page 5/10
[winter 2013] Processing page 6/10
[winter 2013] Processing page 7/10
[winter 2013] Processing page 8/10
[winter 2013] Processing page 9/10
[winter 2013] Processing page 10/10
 DONE winter 2013: 100 records

=== Fetching spring 2013 ===
[spring 2013] Total pages: 9
[spring 2013] Processing page 1/9
[spring 2013] Processing page 2/9
[spring 2013] Processing page 3/9
[spring 2013] Processing page 4/9
[spring 2013] Processing page 5/9
[spring 2013] Processing page 6/9
[spring 2013] Processing page 7/9
[spring 2013] Processing page 8/9
[spring 2013] Processing page 9/9
 DONE spring 2013: 117 records

=== Fetching summer 2013 ===
[summer 2013] Total pages: 1
[summer 2013] Processing page 1/1
 DONE summer 2013: 25 records

=== Fetching fall 2013 ===
[fall 2013] Total pages: 10
[fall 2013] Processing page 1/10
[fall 2013] Processing page 2/10
[fall 2013] Processing page 3/10
[fall 2013] Processing page 4/10
[fall 2013] Processing page 5/10
[fall 2013] Processing page 6/10
[fall 2013] Processing page 7/10
[fall 2013] Processing page 8/10
[fall 2013] Processing page 9/10
[fall 2013] Processing page 10/10
 DONE fall 2013: 141 records

=== Fetching winter 2014 ===
[winter 2014] Total pages: 12
[winter 2014] Processing page 1/12
[winter 2014] Processing page 2/12
[winter 2014] Processing page 3/12
[winter 2014] Processing page 4/12
[winter 2014] Processing page 5/12
[winter 2014] Processing page 6/12
[winter 2014] Processing page 7/12
[winter 2014] Processing page 8/12
[winter 2014] Processing page 9/12
[winter 2014] Processing page 10/12
[winter 2014] Processing page 11/12
[winter 2014] Processing page 12/12
 DONE winter 2014: 220 records

=== Fetching spring 2014 ===
[spring 2014] Total pages: 10
[spring 2014] Processing page 1/10
[spring 2014] Processing page 2/10
[spring 2014] Processing page 3/10
[spring 2014] Processing page 4/10
[spring 2014] Processing page 5/10
[spring 2014] Processing page 6/10
[spring 2014] Processing page 7/10
[spring 2014] Processing page 8/10
[spring 2014] Processing page 9/10
[spring 2014] Processing page 10/10
 DONE spring 2014: 199 records

=== Fetching summer 2014 ===
[summer 2014] Total pages: 10
[summer 2014] Processing page 1/10
[summer 2014] Processing page 2/10
[summer 2014] Processing page 3/10
[summer 2014] Processing page 4/10
[summer 2014] Processing page 5/10
[summer 2014] Processing page 6/10
[summer 2014] Processing page 7/10
[summer 2014] Processing page 8/10
[summer 2014] Processing page 9/10
[summer 2014] Processing page 10/10
 DONE summer 2014: 150 records

=== Fetching fall 2014 ===
[fall 2014] Total pages: 11
[fall 2014] Processing page 1/11
[fall 2014] Processing page 2/11
[fall 2014] Processing page 3/11
[fall 2014] Processing page 4/11
[fall 2014] Processing page 5/11
[fall 2014] Processing page 6/11
[fall 2014] Processing page 7/11
[fall 2014] Processing page 8/11
[fall 2014] Processing page 9/11
[fall 2014] Processing page 10/11
[fall 2014] Processing page 11/11
 DONE fall 2014: 118 records

=== Fetching winter 2015 ===
[winter 2015] Total pages: 1
[winter 2015] Processing page 1/1
 DONE winter 2015: 25 records

=== Fetching spring 2015 ===
[spring 2015] Total pages: 10
[spring 2015] Processing page 1/10
[spring 2015] Processing page 2/10
[spring 2015] Processing page 3/10
[spring 2015] Processing page 4/10
[spring 2015] Processing page 5/10
[spring 2015] Processing page 6/10
[spring 2015] Processing page 7/10
[spring 2015] Processing page 8/10
[spring 2015] Processing page 9/10
[spring 2015] Processing page 10/10
 DONE spring 2015: 130 records

=== Fetching summer 2015 ===
[summer 2015] Total pages: 11
[summer 2015] Processing page 1/11
[summer 2015] Processing page 2/11
[summer 2015] Processing page 3/11
[summer 2015] Processing page 4/11
[summer 2015] Processing page 5/11
[summer 2015] Processing page 6/11
[summer 2015] Processing page 7/11
[summer 2015] Processing page 8/11
[summer 2015] Processing page 9/11
[summer 2015] Processing page 10/11
[summer 2015] Processing page 11/11
 DONE summer 2015: 175 records

=== Fetching fall 2015 ===
[fall 2015] Total pages: 1
[fall 2015] Processing page 1/1
 DONE fall 2015: 25 records

=== Fetching winter 2016 ===
[winter 2016] Total pages: 12
[winter 2016] Processing page 1/12
[winter 2016] Processing page 2/12
[winter 2016] Processing page 3/12
[winter 2016] Processing page 4/12
[winter 2016] Processing page 5/12
[winter 2016] Processing page 6/12
[winter 2016] Processing page 7/12
[winter 2016] Processing page 8/12
[winter 2016] Processing page 9/12
[winter 2016] Processing page 10/12
[winter 2016] Processing page 11/12
[winter 2016] Processing page 12/12
 DONE winter 2016: 198 records

=== Fetching spring 2016 ===
[spring 2016] Total pages: 12
[spring 2016] Processing page 1/12
[spring 2016] Processing page 2/12
[spring 2016] Processing page 3/12
[spring 2016] Processing page 4/12
[spring 2016] Processing page 5/12
[spring 2016] Processing page 6/12
[spring 2016] Processing page 7/12
[spring 2016] Processing page 8/12
[spring 2016] Processing page 9/12
[spring 2016] Processing page 10/12
[spring 2016] Processing page 11/12
[spring 2016] Processing page 12/12
 DONE spring 2016: 154 records

=== Fetching summer 2016 ===
[summer 2016] Total pages: 12
[summer 2016] Processing page 1/12
[summer 2016] Processing page 2/12
[summer 2016] Processing page 3/12
[summer 2016] Processing page 4/12
[summer 2016] Processing page 5/12
[summer 2016] Processing page 6/12
[summer 2016] Processing page 7/12
[summer 2016] Processing page 8/12
[summer 2016] Processing page 9/12
[summer 2016] Processing page 10/12
[summer 2016] Processing page 11/12
[summer 2016] Processing page 12/12
 DONE summer 2016: 207 records

=== Fetching fall 2016 ===
[fall 2016] Total pages: 13
[fall 2016] Processing page 1/13
[fall 2016] Processing page 2/13
[fall 2016] Processing page 3/13
[fall 2016] Processing page 4/13
[fall 2016] Processing page 5/13
[fall 2016] Processing page 6/13
[fall 2016] Processing page 7/13
[fall 2016] Processing page 8/13
[fall 2016] Processing page 9/13
[fall 2016] Processing page 10/13
[fall 2016] Processing page 11/13
[fall 2016] Processing page 12/13
[fall 2016] Processing page 13/13
 DONE fall 2016: 200 records

=== Fetching winter 2017 ===
[winter 2017] Total pages: 1
[winter 2017] Processing page 1/1
 DONE winter 2017: 25 records

=== Fetching spring 2017 ===
[spring 2017] Total pages: 12
[spring 2017] Processing page 1/12
[spring 2017] Processing page 2/12
[spring 2017] Processing page 3/12
[spring 2017] Processing page 4/12
[spring 2017] Processing page 5/12
[spring 2017] Processing page 6/12
[spring 2017] Processing page 7/12
[spring 2017] Processing page 8/12
[spring 2017] Processing page 9/12
[spring 2017] Processing page 10/12
[spring 2017] Processing page 11/12
[spring 2017] Processing page 12/12
 DONE spring 2017: 215 records

=== Fetching summer 2017 ===
[summer 2017] Total pages: 1
[summer 2017] Processing page 1/1
 DONE summer 2017: 0 records

=== Fetching fall 2017 ===
[fall 2017] Total pages: 13
[fall 2017] Processing page 1/13
[fall 2017] Processing page 2/13
[fall 2017] Processing page 3/13
[fall 2017] Processing page 4/13
[fall 2017] Processing page 5/13
[fall 2017] Processing page 6/13
[fall 2017] Processing page 7/13
[fall 2017] Processing page 8/13
[fall 2017] Processing page 9/13
[fall 2017] Processing page 10/13
[fall 2017] Processing page 11/13
[fall 2017] Processing page 12/13
[fall 2017] Processing page 13/13
 DONE fall 2017: 200 records

=== Fetching winter 2018 ===
[winter 2018] Total pages: 1
[winter 2018] Processing page 1/1
 DONE winter 2018: 25 records

=== Fetching spring 2018 ===
[spring 2018] Total pages: 11
[spring 2018] Processing page 1/11
[spring 2018] Processing page 2/11
[spring 2018] Processing page 3/11
[spring 2018] Processing page 4/11
[spring 2018] Processing page 5/11
[spring 2018] Processing page 6/11
[spring 2018] Processing page 7/11
[spring 2018] Processing page 8/11
[spring 2018] Processing page 9/11
[spring 2018] Processing page 10/11
[spring 2018] Processing page 11/11
 DONE spring 2018: 215 records

=== Fetching summer 2018 ===
[summer 2018] Total pages: 12
[summer 2018] Processing page 1/12
[summer 2018] Processing page 2/12
[summer 2018] Processing page 3/12
[summer 2018] Processing page 4/12
[summer 2018] Processing page 5/12
[summer 2018] Processing page 6/12
[summer 2018] Processing page 7/12
[summer 2018] Processing page 8/12
[summer 2018] Processing page 9/12
[summer 2018] Processing page 10/12
[summer 2018] Processing page 11/12
[summer 2018] Processing page 12/12
 DONE summer 2018: 175 records

=== Fetching fall 2018 ===
[fall 2018] Total pages: 12
[fall 2018] Processing page 1/12
[fall 2018] Processing page 2/12
[fall 2018] Processing page 3/12
[fall 2018] Processing page 4/12
[fall 2018] Processing page 5/12
[fall 2018] Processing page 6/12
[fall 2018] Processing page 7/12
[fall 2018] Processing page 8/12
[fall 2018] Processing page 9/12
[fall 2018] Processing page 10/12
[fall 2018] Processing page 11/12
[fall 2018] Processing page 12/12
 DONE fall 2018: 173 records

=== Fetching winter 2019 ===
[winter 2019] Total pages: 15
[winter 2019] Processing page 1/15
[winter 2019] Processing page 2/15
[winter 2019] Processing page 3/15
[winter 2019] Processing page 4/15
[winter 2019] Processing page 5/15
[winter 2019] Processing page 6/15
[winter 2019] Processing page 7/15
[winter 2019] Processing page 8/15
[winter 2019] Processing page 9/15
[winter 2019] Processing page 10/15
[winter 2019] Processing page 11/15
[winter 2019] Processing page 12/15
[winter 2019] Processing page 13/15
[winter 2019] Processing page 14/15
[winter 2019] Processing page 15/15
 DONE winter 2019: 206 records

=== Fetching spring 2019 ===
[spring 2019] Total pages: 1
[spring 2019] Processing page 1/1
 DONE spring 2019: 25 records

=== Fetching summer 2019 ===
[summer 2019] Total pages: 11
[summer 2019] Processing page 1/11
[summer 2019] Processing page 2/11
[summer 2019] Processing page 3/11
[summer 2019] Processing page 4/11
[summer 2019] Processing page 5/11
[summer 2019] Processing page 6/11
[summer 2019] Processing page 7/11
[summer 2019] Processing page 8/11
[summer 2019] Processing page 9/11
[summer 2019] Processing page 10/11
[summer 2019] Processing page 11/11
 DONE summer 2019: 150 records

=== Fetching fall 2019 ===
[fall 2019] Total pages: 12
[fall 2019] Processing page 1/12
[fall 2019] Processing page 2/12
[fall 2019] Processing page 3/12
[fall 2019] Processing page 4/12
[fall 2019] Processing page 5/12
[fall 2019] Processing page 6/12
[fall 2019] Processing page 7/12
[fall 2019] Processing page 8/12
[fall 2019] Processing page 9/12
[fall 2019] Processing page 10/12
[fall 2019] Processing page 11/12
[fall 2019] Processing page 12/12
 DONE fall 2019: 211 records

=== Fetching winter 2020 ===
[winter 2020] Total pages: 13
[winter 2020] Processing page 1/13
[winter 2020] Processing page 2/13
[winter 2020] Processing page 3/13
[winter 2020] Processing page 4/13
[winter 2020] Processing page 5/13
[winter 2020] Processing page 6/13
[winter 2020] Processing page 7/13
[winter 2020] Processing page 8/13
[winter 2020] Processing page 9/13
[winter 2020] Processing page 10/13
[winter 2020] Processing page 11/13
[winter 2020] Processing page 12/13
[winter 2020] Processing page 13/13
 DONE winter 2020: 150 records

=== Fetching spring 2020 ===
[spring 2020] Total pages: 10
[spring 2020] Processing page 1/10
[spring 2020] Processing page 2/10
[spring 2020] Processing page 3/10
[spring 2020] Processing page 4/10
[spring 2020] Processing page 5/10
[spring 2020] Processing page 6/10
[spring 2020] Processing page 7/10
[spring 2020] Processing page 8/10
[spring 2020] Processing page 9/10
[spring 2020] Processing page 10/10
 DONE spring 2020: 195 records

=== Fetching summer 2020 ===
[summer 2020] Total pages: 1
[summer 2020] Processing page 1/1
 DONE summer 2020: 25 records

=== Fetching fall 2020 ===
[fall 2020] Total pages: 13
[fall 2020] Processing page 1/13
[fall 2020] Processing page 2/13
[fall 2020] Processing page 3/13
[fall 2020] Processing page 4/13
[fall 2020] Processing page 5/13
[fall 2020] Processing page 6/13
[fall 2020] Processing page 7/13
[fall 2020] Processing page 8/13
[fall 2020] Processing page 9/13
[fall 2020] Processing page 10/13
[fall 2020] Processing page 11/13
[fall 2020] Processing page 12/13
[fall 2020] Processing page 13/13
 DONE fall 2020: 114 records

=== Fetching winter 2021 ===
[winter 2021] Total pages: 1
[winter 2021] Processing page 1/1
 DONE winter 2021: 25 records

=== Fetching spring 2021 ===
[spring 2021] Total pages: 11
[spring 2021] Processing page 1/11
[spring 2021] Processing page 2/11
[spring 2021] Processing page 3/11
[spring 2021] Processing page 4/11
[spring 2021] Processing page 5/11
[spring 2021] Processing page 6/11
[spring 2021] Processing page 7/11
[spring 2021] Processing page 8/11
[spring 2021] Processing page 9/11
[spring 2021] Processing page 10/11
[spring 2021] Processing page 11/11
 DONE spring 2021: 125 records

=== Fetching summer 2021 ===
[summer 2021] Total pages: 13
[summer 2021] Processing page 1/13
[summer 2021] Processing page 2/13
[summer 2021] Processing page 3/13
[summer 2021] Processing page 4/13
[summer 2021] Processing page 5/13
[summer 2021] Processing page 6/13
[summer 2021] Processing page 7/13
[summer 2021] Processing page 8/13
[summer 2021] Processing page 9/13
[summer 2021] Processing page 10/13
[summer 2021] Processing page 11/13
[summer 2021] Processing page 12/13
[summer 2021] Processing page 13/13
 DONE summer 2021: 187 records

=== Fetching fall 2021 ===
[fall 2021] Total pages: 1
[fall 2021] Processing page 1/1
 DONE fall 2021: 0 records

=== Fetching winter 2022 ===
[winter 2022] Total pages: 1
[winter 2022] Processing page 1/1
 DONE winter 2022: 25 records

=== Fetching spring 2022 ===
[spring 2022] Total pages: 12
[spring 2022] Processing page 1/12
[spring 2022] Processing page 2/12
[spring 2022] Processing page 3/12
[spring 2022] Processing page 4/12
[spring 2022] Processing page 5/12
[spring 2022] Processing page 6/12
[spring 2022] Processing page 7/12
[spring 2022] Processing page 8/12
[spring 2022] Processing page 9/12
[spring 2022] Processing page 10/12
[spring 2022] Processing page 11/12
[spring 2022] Processing page 12/12
 DONE spring 2022: 200 records

=== Fetching summer 2022 ===
[summer 2022] Total pages: 13
[summer 2022] Processing page 1/13
[summer 2022] Processing page 2/13
[summer 2022] Processing page 3/13
[summer 2022] Processing page 4/13
[summer 2022] Processing page 5/13
[summer 2022] Processing page 6/13
[summer 2022] Processing page 7/13
[summer 2022] Processing page 8/13
[summer 2022] Processing page 9/13
[summer 2022] Processing page 10/13
[summer 2022] Processing page 11/13
[summer 2022] Processing page 12/13
[summer 2022] Processing page 13/13
 DONE summer 2022: 146 records

=== Fetching fall 2022 ===
[fall 2022] Total pages: 1
[fall 2022] Processing page 1/1
 DONE fall 2022: 25 records

=== Fetching winter 2023 ===
[winter 2023] Total pages: 13
[winter 2023] Processing page 1/13
[winter 2023] Processing page 2/13
[winter 2023] Processing page 3/13
[winter 2023] Processing page 4/13
[winter 2023] Processing page 5/13
[winter 2023] Processing page 6/13
[winter 2023] Processing page 7/13
[winter 2023] Processing page 8/13
[winter 2023] Processing page 9/13
[winter 2023] Processing page 10/13
[winter 2023] Processing page 11/13
[winter 2023] Processing page 12/13
[winter 2023] Processing page 13/13
 DONE winter 2023: 164 records

=== Fetching spring 2023 ===
[spring 2023] Total pages: 1
[spring 2023] Processing page 1/1
 DONE spring 2023: 25 records

=== Fetching summer 2023 ===
[summer 2023] Total pages: 13
[summer 2023] Processing page 1/13
[summer 2023] Processing page 2/13
[summer 2023] Processing page 3/13
[summer 2023] Processing page 4/13
[summer 2023] Processing page 5/13
[summer 2023] Processing page 6/13
[summer 2023] Processing page 7/13
[summer 2023] Processing page 8/13
[summer 2023] Processing page 9/13
[summer 2023] Processing page 10/13
[summer 2023] Processing page 11/13
[summer 2023] Processing page 12/13
[summer 2023] Processing page 13/13
 DONE summer 2023: 236 records

=== Fetching fall 2023 ===
[fall 2023] Total pages: 14
[fall 2023] Processing page 1/14
[fall 2023] Processing page 2/14
[fall 2023] Processing page 3/14
[fall 2023] Processing page 4/14
[fall 2023] Processing page 5/14
[fall 2023] Processing page 6/14
[fall 2023] Processing page 7/14
[fall 2023] Processing page 8/14
[fall 2023] Processing page 9/14
[fall 2023] Processing page 10/14
[fall 2023] Processing page 11/14
[fall 2023] Processing page 12/14
[fall 2023] Processing page 13/14
[fall 2023] Processing page 14/14
 DONE fall 2023: 219 records

=== Fetching winter 2024 ===
[winter 2024] Total pages: 12
[winter 2024] Processing page 1/12
[winter 2024] Processing page 2/12
[winter 2024] Processing page 3/12
[winter 2024] Processing page 4/12
[winter 2024] Processing page 5/12
[winter 2024] Processing page 6/12
[winter 2024] Processing page 7/12
[winter 2024] Processing page 8/12
[winter 2024] Processing page 9/12
[winter 2024] Processing page 10/12
[winter 2024] Processing page 11/12
[winter 2024] Processing page 12/12
 DONE winter 2024: 175 records

=== Fetching spring 2024 ===
[spring 2024] Total pages: 11
[spring 2024] Processing page 1/11
[spring 2024] Processing page 2/11
[spring 2024] Processing page 3/11
[spring 2024] Processing page 4/11
[spring 2024] Processing page 5/11
[spring 2024] Processing page 6/11
[spring 2024] Processing page 7/11
[spring 2024] Processing page 8/11
[spring 2024] Processing page 9/11
[spring 2024] Processing page 10/11
[spring 2024] Processing page 11/11
 DONE spring 2024: 200 records

=== Fetching summer 2024 ===
[summer 2024] Total pages: 13
[summer 2024] Processing page 1/13
[summer 2024] Processing page 2/13
[summer 2024] Processing page 3/13
[summer 2024] Processing page 4/13
[summer 2024] Processing page 5/13
[summer 2024] Processing page 6/13
[summer 2024] Processing page 7/13
[summer 2024] Processing page 8/13
[summer 2024] Processing page 9/13
[summer 2024] Processing page 10/13
[summer 2024] Processing page 11/13
[summer 2024] Processing page 12/13
[summer 2024] Processing page 13/13
 DONE summer 2024: 231 records

=== Fetching fall 2024 ===
[fall 2024] Total pages: 1
[fall 2024] Processing page 1/1
 DONE fall 2024: 0 records

=== Fetching winter 2025 ===
[winter 2025] Total pages: 11
[winter 2025] Processing page 1/11
[winter 2025] Processing page 2/11
[winter 2025] Processing page 3/11
[winter 2025] Processing page 4/11
[winter 2025] Processing page 5/11
[winter 2025] Processing page 6/11
[winter 2025] Processing page 7/11
[winter 2025] Processing page 8/11
[winter 2025] Processing page 9/11
[winter 2025] Processing page 10/11
[winter 2025] Processing page 11/11
 DONE winter 2025: 150 records

=== Fetching spring 2025 ===
[spring 2025] Total pages: 11
[spring 2025] Processing page 1/11
[spring 2025] Processing page 2/11
[spring 2025] Processing page 3/11
[spring 2025] Processing page 4/11
[spring 2025] Processing page 5/11
[spring 2025] Processing page 6/11
[spring 2025] Processing page 7/11
[spring 2025] Processing page 8/11
[spring 2025] Processing page 9/11
[spring 2025] Processing page 10/11
[spring 2025] Processing page 11/11
 DONE spring 2025: 150 records

=== Fetching summer 2025 ===
[summer 2025] Total pages: 12
[summer 2025] Processing page 1/12
[summer 2025] Processing page 2/12
[summer 2025] Processing page 3/12
[summer 2025] Processing page 4/12
[summer 2025] Processing page 5/12
[summer 2025] Processing page 6/12
[summer 2025] Processing page 7/12
[summer 2025] Processing page 8/12
[summer 2025] Processing page 9/12
[summer 2025] Processing page 10/12
[summer 2025] Processing page 11/12
[summer 2025] Processing page 12/12
 DONE summer 2025: 129 records

=== Fetching fall 2025 ===
[fall 2025] Total pages: 12
[fall 2025] Processing page 1/12
[fall 2025] Processing page 2/12
[fall 2025] Processing page 3/12
[fall 2025] Processing page 4/12
[fall 2025] Processing page 5/12
[fall 2025] Processing page 6/12
[fall 2025] Processing page 7/12
[fall 2025] Processing page 8/12
[fall 2025] Processing page 9/12
[fall 2025] Processing page 10/12
[fall 2025] Processing page 11/12
[fall 2025] Processing page 12/12
 DONE fall 2025: 225 records

=== Fetching winter 2026 ===
[winter 2026] Total pages: 9
[winter 2026] Processing page 1/9
[winter 2026] Processing page 2/9
[winter 2026] Processing page 3/9
[winter 2026] Processing page 4/9
[winter 2026] Processing page 5/9
[winter 2026] Processing page 6/9
[winter 2026] Processing page 7/9
[winter 2026] Processing page 8/9
[winter 2026] Processing page 9/9
 DONE winter 2026: 196 records

=== Fetching spring 2026 ===
[spring 2026] Total pages: 5
[spring 2026] Processing page 1/5
[spring 2026] Processing page 2/5
[spring 2026] Processing page 3/5
[spring 2026] Processing page 4/5
[spring 2026] Processing page 5/5
 DONE spring 2026: 65 records

=== Fetching summer 2026 ===
[summer 2026] Total pages: 1
[summer 2026] Processing page 1/1
 DONE summer 2026: 25 records

=== Fetching fall 2026 ===
[fall 2026] Total pages: 2
[fall 2026] Processing page 1/2
[fall 2026] Processing page 2/2
 DONE fall 2026: 49 records
